Flutter crash report.
Please report a bug at https://github.com/flutter/flutter/issues.

## command

flutter pub get --no-example

## exception

PathNotFoundException: PathNotFoundException: Cannot open file, path = '/Users/kunal/flutter/version' (OS Error: No such file or directory, errno = 2)

```
#0      _File.throwIfError (dart:io/file_impl.dart:675:7)
#1      _File.openSync (dart:io/file_impl.dart:490:5)
#2      _File.writeAsBytesSync (dart:io/file_impl.dart:644:31)
#3      _File.writeAsStringSync (dart:io/file_impl.dart:668:5)
#4      ForwardingFile.writeAsStringSync (package:file/src/forwarding/forwarding_file.dart:150:16)
#5      ErrorHandlingFile.writeAsStringSync.<anonymous closure> (package:flutter_tools/src/base/error_handling_io.dart:279:22)
#6      _runSync (package:flutter_tools/src/base/error_handling_io.dart:600:14)
#7      ErrorHandlingFile.writeAsStringSync (package:flutter_tools/src/base/error_handling_io.dart:278:5)
#8      _ensureLegacyVersionFile (package:flutter_tools/src/version.dart:632:23)
#9      _FlutterVersionFromFile.ensureVersionFile (package:flutter_tools/src/version.dart:539:5)
#10     FlutterCommandRunner.runCommand.<anonymous closure> (package:flutter_tools/src/runner/flutter_command_runner.dart:380:32)
<asynchronous suspension>
#11     AppContext.run.<anonymous closure> (package:flutter_tools/src/base/context.dart:153:19)
<asynchronous suspension>
#12     FlutterCommandRunner.runCommand (package:flutter_tools/src/runner/flutter_command_runner.dart:364:5)
<asynchronous suspension>
#13     run.<anonymous closure>.<anonymous closure> (package:flutter_tools/runner.dart:131:9)
<asynchronous suspension>
#14     AppContext.run.<anonymous closure> (package:flutter_tools/src/base/context.dart:153:19)
<asynchronous suspension>
#15     main (package:flutter_tools/executable.dart:94:3)
<asynchronous suspension>
```

## flutter doctor

```
[☠] Flutter (the doctor check crashed)
    ✗ Due to an error, the doctor check did not complete. If the error message below is not helpful, please let us know about this issue at https://github.com/flutter/flutter/issues.
    ✗ Exception: Could not find directory at /Users/kunal/flutter/bin/cache/dart-sdk/bin/resources/devtools
    • #0      Cache.devToolsVersion (package:flutter_tools/src/cache.dart:387:9)
      #1      _DefaultDoctorValidatorsProvider.validators.<anonymous closure> (package:flutter_tools/src/doctor.dart:134:46)
      #2      FlutterValidator.validate (package:flutter_tools/src/doctor.dart:553:84)
      #3      Doctor.startValidatorTasks.<anonymous closure> (package:flutter_tools/src/doctor.dart:245:72)
      #4      asyncGuard.<anonymous closure> (package:flutter_tools/src/base/async_guard.dart:111:32)
      #5      _rootRun (dart:async/zone.dart:1414:13)
      #6      _CustomZone.run (dart:async/zone.dart:1317:19)
      #7      _runZoned (dart:async/zone.dart:1838:10)
      #8      runZonedGuarded (dart:async/zone.dart:1826:12)
      #9      runZoned (dart:async/zone.dart:1774:12)
      #10     asyncGuard (package:flutter_tools/src/base/async_guard.dart:109:3)
      #11     Doctor.startValidatorTasks (package:flutter_tools/src/doctor.dart:237:9)
      #12     DoctorText._validatorTasks (package:flutter_tools/src/doctor.dart:766:60)
      #13     DoctorText._validatorTasks (package:flutter_tools/src/doctor.dart)
      #14     DoctorText._runDiagnosis (package:flutter_tools/src/doctor.dart:770:53)
      #15     DoctorText.text (package:flutter_tools/src/doctor.dart:762:36)
      #16     DoctorText.text (package:flutter_tools/src/doctor.dart)
      #17     _createLocalCrashReport (package:flutter_tools/runner.dart:284:51)
      #18     _handleToolError (package:flutter_tools/runner.dart:246:31)
      <asynchronous suspension>
      #19     AppContext.run.<anonymous closure> (package:flutter_tools/src/base/context.dart:153:19)
      <asynchronous suspension>
      #20     main (package:flutter_tools/executable.dart:94:3)
      <asynchronous suspension>


[!] Android toolchain - develop for Android devices (Android SDK version 34.0.0)
    • Android SDK at /Users/kunal/Library/Android/sdk
    ✗ cmdline-tools component is missing
      Run `path/to/sdkmanager --install "cmdline-tools;latest"`
      See https://developer.android.com/studio/command-line for more details.
    ✗ Android license status unknown.
      Run `flutter doctor --android-licenses` to accept the SDK licenses.
      See https://flutter.dev/to/macos-android-setup for more details.

[!] Xcode - develop for iOS and macOS (Xcode 16.2)
    • Xcode at /Applications/Xcode.app/Contents/Developer
    • Build 16C5032a
    ✗ Unable to get list of installed Simulator runtimes.
    ✗ CocoaPods not installed.
        CocoaPods is a package manager for iOS or macOS platform code.
        Without CocoaPods, plugins will not work on iOS or macOS.
        For more info, see https://flutter.dev/to/platform-plugins
      For installation instructions, see https://guides.cocoapods.org/using/getting-started.html#installation

[✓] Chrome - develop for the web
    • Chrome at /Applications/Google Chrome.app/Contents/MacOS/Google Chrome

[✓] Android Studio (version 2024.1)
    • Android Studio at /Applications/Android Studio.app/Contents
    • Flutter plugin can be installed from:
      🔨 https://plugins.jetbrains.com/plugin/9212-flutter
    • Dart plugin can be installed from:
      🔨 https://plugins.jetbrains.com/plugin/6351-dart
    • Java version OpenJDK Runtime Environment (build 17.0.11+0-17.0.11b1207.24-11852314)

[✓] VS Code (version 1.97.0)
    • VS Code at /Applications/Visual Studio Code.app/Contents
    • Flutter extension version 3.104.0

[✓] Connected device (3 available)
    • macOS (desktop)                 • macos                 • darwin-arm64   • macOS 15.3 24D60 darwin-arm64
    • Mac Designed for iPad (desktop) • mac-designed-for-ipad • darwin         • macOS 15.3 24D60 darwin-arm64
    • Chrome (web)                    • chrome                • web-javascript • Google Chrome 133.0.6943.53
    ! Error: Browsing on the local area network for Kunal’s iPhone. Ensure the device is unlocked and attached with a cable or associated with the same local area network as this Mac.
      The device must be opted into Developer Mode to connect wirelessly. (code -27)

[✓] Network resources
    • All expected network resources are available.

! Doctor found issues in 3 categories.
```
